
Résumé de performance des projets :
        1 ms  C:\Users\X-PC\Desktop\Throne\bin\ZERO_CHECK.vcxproj   2 appels
                  1 ms  GetTargetPath                              1 appels
                  0 ms  GetNativeManifest                          1 appels
      156 ms  C:\Users\X-PC\Desktop\Throne\bin\GenerateFileList.vcxproj   1 appels
                156 ms  Build                                      1 appels

Résumé de performance cible :
        0 ms  _CheckForInvalidConfigurationAndPlatform   1 appels
        0 ms  ResolveAssemblyReferences                  1 appels
        0 ms  AfterResolveReferences                     1 appels
        0 ms  ResolveReferences                          1 appels
        0 ms  BuildCompile                               1 appels
        0 ms  BuildGenerateSourcesTraverse               1 appels
        0 ms  BeforeBuildGenerateSources                 1 appels
        0 ms  _BuildCompileAction                        1 appels
        0 ms  _SelectedFiles                             1 appels
        0 ms  SelectCustomBuild                          1 appels
        0 ms  BuildCompileTraverse                       1 appels
        0 ms  BuildGenerateSources                       1 appels
        0 ms  CopyFileToFolders                          1 appels
        0 ms  _Xsd                                       1 appels
        0 ms  MakeDirsForMidl                            1 appels
        0 ms  ComputeMIDLGeneratedCompileInputs          1 appels
        0 ms  _BuildGenerateSourcesAction                1 appels
        0 ms  _Midl                                      1 appels
        0 ms  ExpandSDKReferences                        1 appels
        0 ms  ResolveSDKReferences                       1 appels
        0 ms  BuildLinkTraverse                          1 appels
        0 ms  SetCABuildNativeEnvironmentVariables       1 appels
        0 ms  SetTelemetryEnvironmentVariables           1 appels
        0 ms  _PrepareForBuild                           1 appels
        0 ms  _PrepareForReferenceResolution             1 appels
        0 ms  BeforeResolveReferences                    1 appels
        0 ms  AssignProjectConfiguration                 1 appels
        0 ms  AfterBuild                                 1 appels
        0 ms  _GetProjectReferenceTargetFrameworkProperties   1 appels
        0 ms  PrepareProjectReferences                   1 appels
        0 ms  AfterBuildGenerateSources                  1 appels
        0 ms  _RemoveNameMetadataFromProjectReferenceItems   1 appels
        0 ms  _BuildLinkAction                           1 appels
        0 ms  GetTargetPath                              1 appels
        0 ms  GetNativeManifest                          1 appels
        0 ms  GetFrameworkPaths                          1 appels
        0 ms  GetReferenceAssemblyPaths                  1 appels
        0 ms  PostBuildEvent                             1 appels
        0 ms  GetResolvedWinMD                           1 appels
        0 ms  _CheckWindowsSDKInstalled                  1 appels
        0 ms  BuildLink                                  1 appels
        0 ms  AfterBuildGenerateSourcesEvent             1 appels
        1 ms  Build                                      1 appels
        1 ms  GetTargetPathWithTargetPlatformMoniker     1 appels
        1 ms  FinalizeBuildStatus                        1 appels
        1 ms  SetBuildDefaultEnvironmentVariables        1 appels
        1 ms  _SplitProjectReferencesByFileExistence     1 appels
        1 ms  AfterMidl                                  1 appels
        1 ms  ComputeCustomBuildOutput                   1 appels
        2 ms  InitializeBuildStatus                      1 appels
        2 ms  PrepareForBuild                            1 appels
       11 ms  ResolveProjectReferences                   1 appels
       53 ms  CustomBuild                                1 appels
       81 ms  PreBuildEvent                              1 appels
